<?xml version="1.0" encoding="UTF-8"?>
<!-- Generated by org.testng.reporters.JUnitReportReporter -->
<testsuite hostname="DESKTOP-7JM9SNF" failures="0" tests="1" name="com.modules.company.CompanyCategory" time="14.652" errors="0" timestamp="2021-09-20T13:30:58 PKT" skipped="0">
  <testcase classname="com.modules.company.CompanyCategory" name="UpdateCat" time="14.652"/>
  <system-out>
    <![CDATA[Landed on dashboard]]>
  </system-out>
</testsuite> <!-- com.modules.company.CompanyCategory -->
