<?xml version="1.0" encoding="UTF-8"?>
<!-- Generated by org.testng.reporters.JUnitReportReporter -->
<testsuite hostname="DESKTOP-7JM9SNF" failures="0" tests="1" name="com.modules.AppPromotion" time="12.431" errors="0" timestamp="2021-09-21T15:37:50 PKT" skipped="0">
  <testcase classname="com.modules.AppPromotion" name="UpdatePromotion" time="12.431"/>
  <system-out>
    <![CDATA[Landed on dashboard]]>
  </system-out>
</testsuite> <!-- com.modules.AppPromotion -->
