<?xml version="1.0" encoding="UTF-8"?>
<!-- Generated by org.testng.reporters.JUnitReportReporter -->
<testsuite hostname="DESKTOP-7JM9SNF" failures="0" tests="1" name="com.modules.airtime.AirTimeBundleCategory" time="12.031" errors="0" timestamp="2021-09-20T10:27:09 PKT" skipped="0">
  <testcase classname="com.modules.airtime.AirTimeBundleCategory" name="UpdateAirtimeCat" time="12.031"/>
  <system-out>
    <![CDATA[Landed on dashboard]]>
  </system-out>
</testsuite> <!-- com.modules.airtime.AirTimeBundleCategory -->
