<?xml version="1.0" encoding="UTF-8"?>
<!-- Generated by org.testng.reporters.JUnitReportReporter -->
<testsuite hostname="DESKTOP-7JM9SNF" failures="0" tests="1" name="com.modules.ewp.EwpSubType" time="14.921" errors="0" timestamp="2021-09-21T14:46:41 PKT" skipped="0">
  <testcase classname="com.modules.ewp.EwpSubType" name="DelSubType" time="14.921"/>
  <system-out>
    <![CDATA[Landed on dashboard]]>
  </system-out>
</testsuite> <!-- com.modules.ewp.EwpSubType -->
