<?xml version="1.0" encoding="UTF-8"?>
<!-- Generated by org.testng.reporters.JUnitReportReporter -->
<testsuite hostname="DESKTOP-7JM9SNF" failures="0" tests="1" name="com.modules.airtime.AirTimeBundle" time="20.243" errors="0" timestamp="2021-09-20T11:01:19 PKT" skipped="0">
  <testcase classname="com.modules.airtime.AirTimeBundle" name="UpdateBundle" time="20.243"/>
  <system-out>
    <![CDATA[Landed on dashboard]]>
  </system-out>
</testsuite> <!-- com.modules.airtime.AirTimeBundle -->
