<?xml version="1.0" encoding="UTF-8"?>
<!-- Generated by org.testng.reporters.JUnitReportReporter -->
<testsuite hostname="DESKTOP-7JM9SNF" failures="0" tests="1" name="com.modules.company.CompanyType" time="10.955" errors="0" timestamp="2021-09-21T12:45:36 PKT" skipped="0">
  <testcase classname="com.modules.company.CompanyType" name="UpdateComType" time="10.955"/>
  <system-out>
    <![CDATA[Landed on dashboard]]>
  </system-out>
</testsuite> <!-- com.modules.company.CompanyType -->
