<?xml version="1.0" encoding="UTF-8"?>
<!-- Generated by org.testng.reporters.JUnitReportReporter -->
<testsuite hostname="DESKTOP-7JM9SNF" failures="0" tests="1" name="com.modules.BankTest" time="16.055" errors="0" timestamp="2021-09-20T12:56:20 PKT" skipped="0">
  <testcase classname="com.modules.BankTest" name="UpdateBankTest" time="16.055"/>
  <system-out>
    <![CDATA[Landed on dashboard]]>
  </system-out>
</testsuite> <!-- com.modules.BankTest -->
