<?xml version="1.0" encoding="UTF-8"?>
<!-- Generated by org.testng.reporters.JUnitReportReporter -->
<testsuite hostname="DESKTOP-7JM9SNF" failures="0" tests="1" name="com.modules.BlockedIMEI" time="10.928" errors="0" timestamp="2021-09-10T10:05:21 PKT" skipped="0">
  <testcase classname="com.modules.BlockedIMEI" name="AddBlockedIMEI" time="10.928"/>
  <system-out>
    <![CDATA[Landed on dashboard]]>
  </system-out>
</testsuite> <!-- com.modules.BlockedIMEI -->
