<?xml version="1.0" encoding="UTF-8"?>
<!-- Generated by org.testng.reporters.JUnitReportReporter -->
<testsuite hostname="DESKTOP-7JM9SNF" failures="0" tests="1" name="com.modules.ewp.EwpProfile" time="13.733" errors="0" timestamp="2021-09-21T14:51:31 PKT" skipped="0">
  <testcase classname="com.modules.ewp.EwpProfile" name="UpdateProfile" time="13.733"/>
  <system-out>
    <![CDATA[Landed on dashboard]]>
  </system-out>
</testsuite> <!-- com.modules.ewp.EwpProfile -->
