<?xml version="1.0" encoding="UTF-8"?>
<!-- Generated by org.testng.reporters.JUnitReportReporter -->
<testsuite hostname="ES-Iqrandleeb" failures="0" tests="1" name="com.airtime.AirTimeBundle" time="11.572" errors="0" timestamp="2021-06-15T13:23:17 PKT" skipped="0">
  <testcase classname="com.airtime.AirTimeBundle" name="UpdateAirtimeCat" time="11.572"/>
  <system-out>
    <![CDATA[Landed on dashboard]]>
  </system-out>
</testsuite> <!-- com.airtime.AirTimeBundle -->
