<?xml version="1.0" encoding="UTF-8"?>
<!-- Generated by org.testng.reporters.JUnitReportReporter -->
<testsuite hostname="DESKTOP-7JM9SNF" failures="0" tests="1" name="com.modules.company.Company" time="14.667" errors="0" timestamp="2021-09-21T14:42:50 PKT" skipped="0">
  <testcase classname="com.modules.company.Company" name="AddCompany" time="14.667"/>
  <system-out>
    <![CDATA[Landed on dashboard]]>
  </system-out>
</testsuite> <!-- com.modules.company.Company -->
